<?xml version="1.0" encoding="UTF-8"?>
<!-- Generated by org.testng.reporters.JUnitReportReporter -->
<testsuite hostname="LTIN509551" failures="0" tests="3" name="testRunner.testRunner" time="100.120" errors="0" timestamp="2024-04-16T11:03:13 IST" skipped="0">
  <testcase classname="testRunner.testRunner" name="runScenario" time="29.324"/>
  <testcase classname="testRunner.testRunner" name="runScenario" time="54.585"/>
  <testcase classname="testRunner.testRunner" name="runScenario" time="16.211"/>
</testsuite> <!-- testRunner.testRunner -->
